<?xml version="1.0" encoding="UTF-8"?>
<!-- Generated by org.testng.reporters.JUnitXMLReporter -->
<testsuite hostname="Raam" ignored="2" name="ModuleOneTest" tests="2" failures="0" timestamp="2023-03-03T17:52:38 IST" time="12.16" errors="0">
  <testcase name="testFour" time="4.438" classname="parallelScripts.NewTest1"/>
  <testcase name="testThree" time="7.658" classname="parallelScripts.NewTest1"/>
  <testcase name="testSecond" time="0.0" classname="parallelScripts.NewTest1">
    <ignored/>
  </testcase> <!-- testSecond -->
  <testcase name="testOne" time="0.0" classname="parallelScripts.NewTest1">
    <ignored/>
  </testcase> <!-- testOne -->
</testsuite> <!-- ModuleOneTest -->
