<?xml version="1.0" encoding="UTF-8"?>
<!-- Generated by org.testng.reporters.JUnitXMLReporter -->
<testsuite hostname="Raam" ignored="0" name="ModuletwoTest" tests="4" failures="0" timestamp="2023-03-02T19:32:43 IST" time="0.009" errors="0">
  <testcase name="testFour" time="0.002" classname="parallelScripts.NewTest4"/>
  <testcase name="testOne" time="0.001" classname="parallelScripts.NewTest4"/>
  <testcase name="testSecond" time="0.0" classname="parallelScripts.NewTest4"/>
  <testcase name="testThree" time="0.001" classname="parallelScripts.NewTest4"/>
</testsuite> <!-- ModuletwoTest -->
