<?xml version="1.0" encoding="UTF-8"?>
<testng-results skipped="0" failed="0" ignored="0" total="1" passed="1">
  <reporter-output>
  </reporter-output>
  <suite name="Default suite" duration-ms="642" started-at="2023-03-07T10:37:24 IST" finished-at="2023-03-07T10:37:24 IST">
    <groups>
    </groups>
    <test name="Default test" duration-ms="642" started-at="2023-03-07T10:37:24 IST" finished-at="2023-03-07T10:37:24 IST">
      <class name="dbTesting.UserinfoTest">
        <test-method status="PASS" signature="setUp()[pri:0, instance:dbTesting.UserinfoTest@71623278]" name="setUp" is-config="true" duration-ms="597" started-at="2023-03-07T10:37:24 IST" finished-at="2023-03-07T10:37:24 IST">
          <reporter-output>
          </reporter-output>
        </test-method> <!-- setUp -->
        <test-method status="PASS" signature="test()[pri:0, instance:dbTesting.UserinfoTest@71623278]" name="test" duration-ms="19" started-at="2023-03-07T10:37:24 IST" finished-at="2023-03-07T10:37:24 IST">
          <reporter-output>
          </reporter-output>
        </test-method> <!-- test -->
        <test-method status="PASS" signature="tearDown()[pri:0, instance:dbTesting.UserinfoTest@71623278]" name="tearDown" is-config="true" duration-ms="1" started-at="2023-03-07T10:37:24 IST" finished-at="2023-03-07T10:37:24 IST">
          <reporter-output>
          </reporter-output>
        </test-method> <!-- tearDown -->
      </class> <!-- dbTesting.UserinfoTest -->
    </test> <!-- Default test -->
  </suite> <!-- Default suite -->
</testng-results>
